# JRE version: OpenJDK Runtime Environment Temurin-17.0.7+7 (17.0.7+7) (build 17.0.7+7)
# Java VM: OpenJDK 64-Bit Server VM Temurin-17.0.7+7 (17.0.7+7, mixed mode, tiered, compressed oops, compressed class ptrs, g1 gc, windows-amd64)
GC Precious Log:
 CPUs: 4 total, 4 available
 Memory: 3766M
 Large Page Support: Disabled
 NUMA Support: Disabled
 Compressed Oops: Enabled (32-bit)
 Heap Region Size: 1M
 Heap Min Capacity: 8M
 Heap Initial Capacity: 60M
 Heap Max Capacity: 2G
 Pre-touch: Disabled
 Parallel Workers: 4
 Concurrent Workers: 1
 Concurrent Refinement Workers: 4
 Periodic GC: Disabled
Heap:
 garbage-first heap   total 116736K, used 38170K [0x0000000080000000, 0x0000000100000000)
  region size 1024K, 4 young (4096K), 1 survivors (1024K)
 Metaspace       used 44015K, committed 44544K, reserved 1114112K
  class space    used 4867K, committed 5120K, reserved 1048576K
GC Heap History (20 events):
Event: 7.429 GC heap before
{Heap before GC invocations=8 (full 0):
 garbage-first heap   total 61440K, used 42592K [0x0000000080000000, 0x0000000100000000)
  region size 1024K, 24 young (24576K), 3 survivors (3072K)
 Metaspace       used 22149K, committed 22400K, reserved 1114112K
  class space    used 2311K, committed 2432K, reserved 1048576K
}
Event: 7.440 GC heap after
{Heap after GC invocations=9 (full 0):
 garbage-first heap   total 61440K, used 21922K [0x0000000080000000, 0x0000000100000000)
  region size 1024K, 2 young (2048K), 2 survivors (2048K)
 Metaspace       used 22149K, committed 22400K, reserved 1114112K
  class space    used 2311K, committed 2432K, reserved 1048576K
}
Event: 7.443 GC heap before
{Heap before GC invocations=9 (full 0):
 garbage-first heap   total 61440K, used 22946K [0x0000000080000000, 0x0000000100000000)
  region size 1024K, 3 young (3072K), 2 survivors (2048K)
 Metaspace       used 22149K, committed 22400K, reserved 1114112K
  class space    used 2311K, committed 2432K, reserved 1048576K
}
Event: 7.449 GC heap after
{Heap after GC invocations=10 (full 0):
 garbage-first heap   total 73728K, used 21495K [0x0000000080000000, 0x0000000100000000)
  region size 1024K, 1 young (1024K), 1 survivors (1024K)
 Metaspace       used 22149K, committed 22400K, reserved 1114112K
  class space    used 2311K, committed 2432K, reserved 1048576K
}
Event: 7.815 GC heap before
{Heap before GC invocations=10 (full 0):
 garbage-first heap   total 73728K, used 50167K [0x0000000080000000, 0x0000000100000000)
  region size 1024K, 29 young (29696K), 1 survivors (1024K)
 Metaspace       used 22744K, committed 23040K, reserved 1114112K
  class space    used 2371K, committed 2496K, reserved 1048576K
}
Event: 7.821 GC heap after
{Heap after GC invocations=11 (full 0):
 garbage-first heap   total 73728K, used 22435K [0x0000000080000000, 0x0000000100000000)
  region size 1024K, 2 young (2048K), 2 survivors (2048K)
 Metaspace       used 22744K, committed 23040K, reserved 1114112K
  class space    used 2371K, committed 2496K, reserved 1048576K
}
Event: 9.700 GC heap before
{Heap before GC invocations=11 (full 0):
 garbage-first heap   total 73728K, used 56227K [0x0000000080000000, 0x0000000100000000)
  region size 1024K, 35 young (35840K), 2 survivors (2048K)
 Metaspace       used 27635K, committed 27904K, reserved 1114112K
  class space    used 2879K, committed 3008K, reserved 1048576K
}
Event: 9.713 GC heap after
{Heap after GC invocations=12 (full 0):
 garbage-first heap   total 73728K, used 24947K [0x0000000080000000, 0x0000000100000000)
  region size 1024K, 4 young (4096K), 4 survivors (4096K)
 Metaspace       used 27635K, committed 27904K, reserved 1114112K
  class space    used 2879K, committed 3008K, reserved 1048576K
}
Event: 10.890 GC heap before
{Heap before GC invocations=12 (full 0):
 garbage-first heap   total 73728K, used 56691K [0x0000000080000000, 0x0000000100000000)
  region size 1024K, 35 young (35840K), 4 survivors (4096K)
 Metaspace       used 31595K, committed 31936K, reserved 1114112K
  class space    used 3368K, committed 3520K, reserved 1048576K
}
Event: 10.907 GC heap after
{Heap after GC invocations=13 (full 0):
 garbage-first heap   total 73728K, used 26505K [0x0000000080000000, 0x0000000100000000)
  region size 1024K, 4 young (4096K), 4 survivors (4096K)
 Metaspace       used 31595K, committed 31936K, reserved 1114112K
  class space    used 3368K, committed 3520K, reserved 1048576K
}
Event: 11.295 GC heap before
{Heap before GC invocations=13 (full 0):
 garbage-first heap   total 73728K, used 59273K [0x0000000080000000, 0x0000000100000000)
  region size 1024K, 34 young (34816K), 4 survivors (4096K)
 Metaspace       used 32783K, committed 33152K, reserved 1114112K
  class space    used 3448K, committed 3648K, reserved 1048576K
}
Event: 11.309 GC heap after
{Heap after GC invocations=14 (full 0):
 garbage-first heap   total 73728K, used 27399K [0x0000000080000000, 0x0000000100000000)
  region size 1024K, 3 young (3072K), 3 survivors (3072K)
 Metaspace       used 32783K, committed 33152K, reserved 1114112K
  class space    used 3448K, committed 3648K, reserved 1048576K
}
Event: 11.699 GC heap before
{Heap before GC invocations=14 (full 0):
 garbage-first heap   total 73728K, used 58119K [0x0000000080000000, 0x0000000100000000)
  region size 1024K, 33 young (33792K), 3 survivors (3072K)
 Metaspace       used 33914K, committed 34368K, reserved 1114112K
  class space    used 3563K, committed 3776K, reserved 1048576K
}
Event: 11.710 GC heap after
{Heap after GC invocations=15 (full 0):
 garbage-first heap   total 179200K, used 28007K [0x0000000080000000, 0x0000000100000000)
  region size 1024K, 3 young (3072K), 3 survivors (3072K)
 Metaspace       used 33914K, committed 34368K, reserved 1114112K
  class space    used 3563K, committed 3776K, reserved 1048576K
}
Event: 13.604 GC heap before
{Heap before GC invocations=15 (full 0):
 garbage-first heap   total 179200K, used 115047K [0x0000000080000000, 0x0000000100000000)
  region size 1024K, 89 young (91136K), 3 survivors (3072K)
 Metaspace       used 35576K, committed 35968K, reserved 1114112K
  class space    used 3722K, committed 3904K, reserved 1048576K
}
Event: 13.620 GC heap after
{Heap after GC invocations=16 (full 0):
 garbage-first heap   total 179200K, used 31384K [0x0000000080000000, 0x0000000100000000)
  region size 1024K, 7 young (7168K), 7 survivors (7168K)
 Metaspace       used 35576K, committed 35968K, reserved 1114112K
  class space    used 3722K, committed 3904K, reserved 1048576K
}
Event: 21.350 GC heap before
{Heap before GC invocations=17 (full 0):
 garbage-first heap   total 116736K, used 92824K [0x0000000080000000, 0x0000000100000000)
  region size 1024K, 68 young (69632K), 7 survivors (7168K)
 Metaspace       used 43918K, committed 44416K, reserved 1114112K
  class space    used 4856K, committed 5056K, reserved 1048576K
}
Event: 21.435 GC heap after
{Heap after GC invocations=18 (full 0):
 garbage-first heap   total 116736K, used 35543K [0x0000000080000000, 0x0000000100000000)
  region size 1024K, 9 young (9216K), 9 survivors (9216K)
 Metaspace       used 43918K, committed 44416K, reserved 1114112K
  class space    used 4856K, committed 5056K, reserved 1048576K
}
Event: 25.506 GC heap before
{Heap before GC invocations=18 (full 0):
 garbage-first heap   total 116736K, used 36567K [0x0000000080000000, 0x0000000100000000)
  region size 1024K, 10 young (10240K), 9 survivors (9216K)
 Metaspace       used 43979K, committed 44544K, reserved 1114112K
  class space    used 4865K, committed 5120K, reserved 1048576K
}
Event: 25.560 GC heap after
{Heap after GC invocations=19 (full 0):
 garbage-first heap   total 116736K, used 36122K [0x0000000080000000, 0x0000000100000000)
  region size 1024K, 1 young (1024K), 1 survivors (1024K)
 Metaspace       used 43979K, committed 44544K, reserved 1114112K
  class space    used 4865K, committed 5120K, reserved 1048576K
}

