# JRE version: OpenJDK Runtime Environment Temurin-17.0.7+7 (17.0.7+7) (build 17.0.7+7)
# Java VM: OpenJDK 64-Bit Server VM Temurin-17.0.7+7 (17.0.7+7, mixed mode, tiered, compressed oops, compressed class ptrs, g1 gc, windows-amd64)
GC Precious Log:
 CPUs: 4 total, 4 available
 Memory: 3766M
 Large Page Support: Disabled
 NUMA Support: Disabled
 Compressed Oops: Enabled (32-bit)
 Heap Region Size: 1M
 Heap Min Capacity: 8M
 Heap Initial Capacity: 60M
 Heap Max Capacity: 2G
 Pre-touch: Disabled
 Parallel Workers: 4
 Concurrent Workers: 1
 Concurrent Refinement Workers: 4
 Periodic GC: Disabled
Heap:
 garbage-first heap   total 89088K, used 71897K [0x0000000080000000, 0x0000000100000000)
  region size 1024K, 45 young (46080K), 5 survivors (5120K)
 Metaspace       used 40776K, committed 41216K, reserved 1114112K
  class space    used 4413K, committed 4608K, reserved 1048576K
GC Heap History (20 events):
Event: 3.888 GC heap before
{Heap before GC invocations=5 (full 0):
 garbage-first heap   total 61440K, used 40659K [0x0000000080000000, 0x0000000100000000)
  region size 1024K, 22 young (22528K), 3 survivors (3072K)
 Metaspace       used 18558K, committed 18752K, reserved 1114112K
  class space    used 1751K, committed 1856K, reserved 1048576K
}
Event: 3.903 GC heap after
{Heap after GC invocations=6 (full 0):
 garbage-first heap   total 73728K, used 22455K [0x0000000080000000, 0x0000000100000000)
  region size 1024K, 2 young (2048K), 2 survivors (2048K)
 Metaspace       used 18558K, committed 18752K, reserved 1114112K
  class space    used 1751K, committed 1856K, reserved 1048576K
}
Event: 4.547 GC heap before
{Heap before GC invocations=6 (full 0):
 garbage-first heap   total 73728K, used 38839K [0x0000000080000000, 0x0000000100000000)
  region size 1024K, 19 young (19456K), 2 survivors (2048K)
 Metaspace       used 21330K, committed 21504K, reserved 1114112K
  class space    used 2234K, committed 2304K, reserved 1048576K
}
Event: 4.555 GC heap after
{Heap after GC invocations=7 (full 0):
 garbage-first heap   total 73728K, used 23303K [0x0000000080000000, 0x0000000100000000)
  region size 1024K, 3 young (3072K), 3 survivors (3072K)
 Metaspace       used 21330K, committed 21504K, reserved 1114112K
  class space    used 2234K, committed 2304K, reserved 1048576K
}
Event: 5.158 GC heap before
{Heap before GC invocations=8 (full 0):
 garbage-first heap   total 73728K, used 46855K [0x0000000080000000, 0x0000000100000000)
  region size 1024K, 28 young (28672K), 3 survivors (3072K)
 Metaspace       used 22106K, committed 22400K, reserved 1114112K
  class space    used 2312K, committed 2432K, reserved 1048576K
}
Event: 5.168 GC heap after
{Heap after GC invocations=9 (full 0):
 garbage-first heap   total 73728K, used 22262K [0x0000000080000000, 0x0000000100000000)
  region size 1024K, 2 young (2048K), 2 survivors (2048K)
 Metaspace       used 22106K, committed 22400K, reserved 1114112K
  class space    used 2312K, committed 2432K, reserved 1048576K
}
Event: 5.587 GC heap before
{Heap before GC invocations=9 (full 0):
 garbage-first heap   total 73728K, used 49910K [0x0000000080000000, 0x0000000100000000)
  region size 1024K, 29 young (29696K), 2 survivors (2048K)
 Metaspace       used 22898K, committed 23104K, reserved 1114112K
  class space    used 2382K, committed 2496K, reserved 1048576K
}
Event: 5.596 GC heap after
{Heap after GC invocations=10 (full 0):
 garbage-first heap   total 73728K, used 23263K [0x0000000080000000, 0x0000000100000000)
  region size 1024K, 3 young (3072K), 3 survivors (3072K)
 Metaspace       used 22898K, committed 23104K, reserved 1114112K
  class space    used 2382K, committed 2496K, reserved 1048576K
}
Event: 7.266 GC heap before
{Heap before GC invocations=10 (full 0):
 garbage-first heap   total 73728K, used 57055K [0x0000000080000000, 0x0000000100000000)
  region size 1024K, 36 young (36864K), 3 survivors (3072K)
 Metaspace       used 27917K, committed 28224K, reserved 1114112K
  class space    used 2911K, committed 3072K, reserved 1048576K
}
Event: 7.283 GC heap after
{Heap after GC invocations=11 (full 0):
 garbage-first heap   total 73728K, used 25750K [0x0000000080000000, 0x0000000100000000)
  region size 1024K, 5 young (5120K), 5 survivors (5120K)
 Metaspace       used 27917K, committed 28224K, reserved 1114112K
  class space    used 2911K, committed 3072K, reserved 1048576K
}
Event: 8.052 GC heap before
{Heap before GC invocations=11 (full 0):
 garbage-first heap   total 73728K, used 56470K [0x0000000080000000, 0x0000000100000000)
  region size 1024K, 35 young (35840K), 5 survivors (5120K)
 Metaspace       used 31572K, committed 31936K, reserved 1114112K
  class space    used 3368K, committed 3520K, reserved 1048576K
}
Event: 8.070 GC heap after
{Heap after GC invocations=12 (full 0):
 garbage-first heap   total 73728K, used 27485K [0x0000000080000000, 0x0000000100000000)
  region size 1024K, 5 young (5120K), 5 survivors (5120K)
 Metaspace       used 31572K, committed 31936K, reserved 1114112K
  class space    used 3368K, committed 3520K, reserved 1048576K
}
Event: 8.338 GC heap before
{Heap before GC invocations=12 (full 0):
 garbage-first heap   total 73728K, used 58205K [0x0000000080000000, 0x0000000100000000)
  region size 1024K, 33 young (33792K), 5 survivors (5120K)
 Metaspace       used 32704K, committed 33152K, reserved 1114112K
  class space    used 3444K, committed 3648K, reserved 1048576K
}
Event: 8.350 GC heap after
{Heap after GC invocations=13 (full 0):
 garbage-first heap   total 89088K, used 28034K [0x0000000080000000, 0x0000000100000000)
  region size 1024K, 3 young (3072K), 3 survivors (3072K)
 Metaspace       used 32704K, committed 33152K, reserved 1114112K
  class space    used 3444K, committed 3648K, reserved 1048576K
}
Event: 9.258 GC heap before
{Heap before GC invocations=13 (full 0):
 garbage-first heap   total 89088K, used 72066K [0x0000000080000000, 0x0000000100000000)
  region size 1024K, 46 young (47104K), 3 survivors (3072K)
 Metaspace       used 34916K, committed 35328K, reserved 1114112K
  class space    used 3666K, committed 3840K, reserved 1048576K
}
Event: 9.269 GC heap after
{Heap after GC invocations=14 (full 0):
 garbage-first heap   total 89088K, used 28904K [0x0000000080000000, 0x0000000100000000)
  region size 1024K, 4 young (4096K), 4 survivors (4096K)
 Metaspace       used 34916K, committed 35328K, reserved 1114112K
  class space    used 3666K, committed 3840K, reserved 1048576K
}
Event: 10.038 GC heap before
{Heap before GC invocations=14 (full 0):
 garbage-first heap   total 89088K, used 71912K [0x0000000080000000, 0x0000000100000000)
  region size 1024K, 46 young (47104K), 4 survivors (4096K)
 Metaspace       used 35232K, committed 35584K, reserved 1114112K
  class space    used 3690K, committed 3840K, reserved 1048576K
}
Event: 10.052 GC heap after
{Heap after GC invocations=15 (full 0):
 garbage-first heap   total 89088K, used 30265K [0x0000000080000000, 0x0000000100000000)
  region size 1024K, 5 young (5120K), 5 survivors (5120K)
 Metaspace       used 35232K, committed 35584K, reserved 1114112K
  class space    used 3690K, committed 3840K, reserved 1048576K
}
Event: 10.307 GC heap before
{Heap before GC invocations=15 (full 0):
 garbage-first heap   total 89088K, used 65081K [0x0000000080000000, 0x0000000100000000)
  region size 1024K, 40 young (40960K), 5 survivors (5120K)
 Metaspace       used 35544K, committed 35968K, reserved 1114112K
  class space    used 3722K, committed 3904K, reserved 1048576K
}
Event: 10.327 GC heap after
{Heap after GC invocations=16 (full 0):
 garbage-first heap   total 89088K, used 31961K [0x0000000080000000, 0x0000000100000000)
  region size 1024K, 5 young (5120K), 5 survivors (5120K)
 Metaspace       used 35544K, committed 35968K, reserved 1114112K
  class space    used 3722K, committed 3904K, reserved 1048576K
}

