# JRE version: OpenJDK Runtime Environment Temurin-17.0.7+7 (17.0.7+7) (build 17.0.7+7)
# Java VM: OpenJDK 64-Bit Server VM Temurin-17.0.7+7 (17.0.7+7, mixed mode, tiered, compressed oops, compressed class ptrs, g1 gc, windows-amd64)
GC Precious Log:
 CPUs: 4 total, 4 available
 Memory: 3766M
 Large Page Support: Disabled
 NUMA Support: Disabled
 Compressed Oops: Enabled (32-bit)
 Heap Region Size: 1M
 Heap Min Capacity: 8M
 Heap Initial Capacity: 60M
 Heap Max Capacity: 2G
 Pre-touch: Disabled
 Parallel Workers: 4
 Concurrent Workers: 1
 Concurrent Refinement Workers: 4
 Periodic GC: Disabled
Heap:
 garbage-first heap   total 130048K, used 57161K [0x0000000080000000, 0x0000000100000000)
  region size 1024K, 25 young (25600K), 3 survivors (3072K)
 Metaspace       used 44216K, committed 44736K, reserved 1114112K
  class space    used 4897K, committed 5120K, reserved 1048576K
GC Heap History (20 events):
Event: 12.176 GC heap before
{Heap before GC invocations=13 (full 0):
 garbage-first heap   total 61440K, used 47191K [0x0000000080000000, 0x0000000100000000)
  region size 1024K, 23 young (23552K), 2 survivors (2048K)
 Metaspace       used 31538K, committed 31936K, reserved 1114112K
  class space    used 3360K, committed 3520K, reserved 1048576K
}
Event: 12.186 GC heap after
{Heap after GC invocations=14 (full 0):
 garbage-first heap   total 61440K, used 27144K [0x0000000080000000, 0x0000000100000000)
  region size 1024K, 2 young (2048K), 2 survivors (2048K)
 Metaspace       used 31538K, committed 31936K, reserved 1114112K
  class space    used 3360K, committed 3520K, reserved 1048576K
}
Event: 12.263 GC heap before
{Heap before GC invocations=14 (full 0):
 garbage-first heap   total 61440K, used 40456K [0x0000000080000000, 0x0000000100000000)
  region size 1024K, 16 young (16384K), 2 survivors (2048K)
 Metaspace       used 31540K, committed 31936K, reserved 1114112K
  class space    used 3360K, committed 3520K, reserved 1048576K
}
Event: 12.268 GC heap after
{Heap after GC invocations=15 (full 0):
 garbage-first heap   total 61440K, used 28052K [0x0000000080000000, 0x0000000100000000)
  region size 1024K, 2 young (2048K), 2 survivors (2048K)
 Metaspace       used 31540K, committed 31936K, reserved 1114112K
  class space    used 3360K, committed 3520K, reserved 1048576K
}
Event: 12.751 GC heap before
{Heap before GC invocations=15 (full 0):
 garbage-first heap   total 61440K, used 51604K [0x0000000080000000, 0x0000000100000000)
  region size 1024K, 23 young (23552K), 2 survivors (2048K)
 Metaspace       used 32721K, committed 33152K, reserved 1114112K
  class space    used 3437K, committed 3648K, reserved 1048576K
}
Event: 12.758 GC heap after
{Heap after GC invocations=16 (full 0):
 garbage-first heap   total 61440K, used 27515K [0x0000000080000000, 0x0000000100000000)
  region size 1024K, 2 young (2048K), 2 survivors (2048K)
 Metaspace       used 32721K, committed 33152K, reserved 1114112K
  class space    used 3437K, committed 3648K, reserved 1048576K
}
Event: 12.903 GC heap before
{Heap before GC invocations=16 (full 0):
 garbage-first heap   total 61440K, used 50043K [0x0000000080000000, 0x0000000100000000)
  region size 1024K, 24 young (24576K), 2 survivors (2048K)
 Metaspace       used 32741K, committed 33152K, reserved 1114112K
  class space    used 3441K, committed 3648K, reserved 1048576K
}
Event: 12.910 GC heap after
{Heap after GC invocations=17 (full 0):
 garbage-first heap   total 73728K, used 27619K [0x0000000080000000, 0x0000000100000000)
  region size 1024K, 1 young (1024K), 1 survivors (1024K)
 Metaspace       used 32741K, committed 33152K, reserved 1114112K
  class space    used 3441K, committed 3648K, reserved 1048576K
}
Event: 14.617 GC heap before
{Heap before GC invocations=17 (full 0):
 garbage-first heap   total 73728K, used 58339K [0x0000000080000000, 0x0000000100000000)
  region size 1024K, 31 young (31744K), 1 survivors (1024K)
 Metaspace       used 34906K, committed 35328K, reserved 1114112K
  class space    used 3679K, committed 3840K, reserved 1048576K
}
Event: 14.625 GC heap after
{Heap after GC invocations=18 (full 0):
 garbage-first heap   total 73728K, used 28616K [0x0000000080000000, 0x0000000100000000)
  region size 1024K, 2 young (2048K), 2 survivors (2048K)
 Metaspace       used 34906K, committed 35328K, reserved 1114112K
  class space    used 3679K, committed 3840K, reserved 1048576K
}
Event: 15.120 GC heap before
{Heap before GC invocations=18 (full 0):
 garbage-first heap   total 73728K, used 59336K [0x0000000080000000, 0x0000000100000000)
  region size 1024K, 32 young (32768K), 2 survivors (2048K)
 Metaspace       used 35040K, committed 35392K, reserved 1114112K
  class space    used 3686K, committed 3840K, reserved 1048576K
}
Event: 15.129 GC heap after
{Heap after GC invocations=19 (full 0):
 garbage-first heap   total 73728K, used 29479K [0x0000000080000000, 0x0000000100000000)
  region size 1024K, 3 young (3072K), 3 survivors (3072K)
 Metaspace       used 35040K, committed 35392K, reserved 1114112K
  class space    used 3686K, committed 3840K, reserved 1048576K
}
Event: 15.953 GC heap before
{Heap before GC invocations=19 (full 0):
 garbage-first heap   total 73728K, used 54055K [0x0000000080000000, 0x0000000100000000)
  region size 1024K, 28 young (28672K), 3 survivors (3072K)
 Metaspace       used 35570K, committed 35968K, reserved 1114112K
  class space    used 3743K, committed 3904K, reserved 1048576K
}
Event: 15.972 GC heap after
{Heap after GC invocations=20 (full 0):
 garbage-first heap   total 73728K, used 31877K [0x0000000080000000, 0x0000000100000000)
  region size 1024K, 4 young (4096K), 4 survivors (4096K)
 Metaspace       used 35570K, committed 35968K, reserved 1114112K
  class space    used 3743K, committed 3904K, reserved 1048576K
}
Event: 17.688 GC heap before
{Heap before GC invocations=21 (full 0):
 garbage-first heap   total 73728K, used 58501K [0x0000000080000000, 0x0000000100000000)
  region size 1024K, 30 young (30720K), 4 survivors (4096K)
 Metaspace       used 39010K, committed 39552K, reserved 1114112K
  class space    used 4234K, committed 4480K, reserved 1048576K
}
Event: 17.707 GC heap after
{Heap after GC invocations=22 (full 0):
 garbage-first heap   total 73728K, used 33930K [0x0000000080000000, 0x0000000100000000)
  region size 1024K, 2 young (2048K), 2 survivors (2048K)
 Metaspace       used 39010K, committed 39552K, reserved 1114112K
  class space    used 4234K, committed 4480K, reserved 1048576K
}
Event: 17.720 GC heap before
{Heap before GC invocations=22 (full 0):
 garbage-first heap   total 73728K, used 34954K [0x0000000080000000, 0x0000000100000000)
  region size 1024K, 3 young (3072K), 2 survivors (2048K)
 Metaspace       used 39016K, committed 39552K, reserved 1114112K
  class space    used 4234K, committed 4480K, reserved 1048576K
}
Event: 17.731 GC heap after
{Heap after GC invocations=23 (full 0):
 garbage-first heap   total 73728K, used 34132K [0x0000000080000000, 0x0000000100000000)
  region size 1024K, 1 young (1024K), 1 survivors (1024K)
 Metaspace       used 39016K, committed 39552K, reserved 1114112K
  class space    used 4234K, committed 4480K, reserved 1048576K
}
Event: 20.896 GC heap before
{Heap before GC invocations=23 (full 0):
 garbage-first heap   total 73728K, used 57684K [0x0000000080000000, 0x0000000100000000)
  region size 1024K, 25 young (25600K), 1 survivors (1024K)
 Metaspace       used 43442K, committed 43968K, reserved 1114112K
  class space    used 4831K, committed 5056K, reserved 1048576K
}
Event: 20.906 GC heap after
{Heap after GC invocations=24 (full 0):
 garbage-first heap   total 148480K, used 35657K [0x0000000080000000, 0x0000000100000000)
  region size 1024K, 3 young (3072K), 3 survivors (3072K)
 Metaspace       used 43442K, committed 43968K, reserved 1114112K
  class space    used 4831K, committed 5056K, reserved 1048576K
}

