# JRE version: OpenJDK Runtime Environment Temurin-17.0.7+7 (17.0.7+7) (build 17.0.7+7)
# Java VM: OpenJDK 64-Bit Server VM Temurin-17.0.7+7 (17.0.7+7, mixed mode, tiered, compressed oops, compressed class ptrs, g1 gc, windows-amd64)
GC Precious Log:
 CPUs: 4 total, 4 available
 Memory: 3766M
 Large Page Support: Disabled
 NUMA Support: Disabled
 Compressed Oops: Enabled (32-bit)
 Heap Region Size: 1M
 Heap Min Capacity: 8M
 Heap Initial Capacity: 60M
 Heap Max Capacity: 2G
 Pre-touch: Disabled
 Parallel Workers: 4
 Concurrent Workers: 1
 Concurrent Refinement Workers: 4
 Periodic GC: Disabled
Heap:
 garbage-first heap   total 73728K, used 29127K [0x0000000080000000, 0x0000000100000000)
  region size 1024K, 4 young (4096K), 4 survivors (4096K)
 Metaspace       used 35114K, committed 35456K, reserved 1114112K
  class space    used 3683K, committed 3840K, reserved 1048576K
GC Heap History (20 events):
Event: 4.935 GC heap after
{Heap after GC invocations=5 (full 0):
 garbage-first heap   total 61440K, used 21343K [0x0000000080000000, 0x0000000100000000)
  region size 1024K, 3 young (3072K), 3 survivors (3072K)
 Metaspace       used 16765K, committed 16960K, reserved 1114112K
  class space    used 1563K, committed 1664K, reserved 1048576K
}
Event: 6.152 GC heap before
{Heap before GC invocations=5 (full 0):
 garbage-first heap   total 61440K, used 40799K [0x0000000080000000, 0x0000000100000000)
  region size 1024K, 22 young (22528K), 3 survivors (3072K)
 Metaspace       used 18592K, committed 18816K, reserved 1114112K
  class space    used 1753K, committed 1856K, reserved 1048576K
}
Event: 6.168 GC heap after
{Heap after GC invocations=6 (full 0):
 garbage-first heap   total 61440K, used 22857K [0x0000000080000000, 0x0000000100000000)
  region size 1024K, 2 young (2048K), 2 survivors (2048K)
 Metaspace       used 18592K, committed 18816K, reserved 1114112K
  class space    used 1753K, committed 1856K, reserved 1048576K
}
Event: 7.230 GC heap before
{Heap before GC invocations=6 (full 0):
 garbage-first heap   total 61440K, used 39241K [0x0000000080000000, 0x0000000100000000)
  region size 1024K, 19 young (19456K), 2 survivors (2048K)
 Metaspace       used 21356K, committed 21504K, reserved 1114112K
  class space    used 2236K, committed 2304K, reserved 1048576K
}
Event: 7.238 GC heap after
{Heap after GC invocations=7 (full 0):
 garbage-first heap   total 61440K, used 23432K [0x0000000080000000, 0x0000000100000000)
  region size 1024K, 3 young (3072K), 3 survivors (3072K)
 Metaspace       used 21356K, committed 21504K, reserved 1114112K
  class space    used 2236K, committed 2304K, reserved 1048576K
}
Event: 8.135 GC heap before
{Heap before GC invocations=8 (full 0):
 garbage-first heap   total 61440K, used 40840K [0x0000000080000000, 0x0000000100000000)
  region size 1024K, 22 young (22528K), 3 survivors (3072K)
 Metaspace       used 22107K, committed 22336K, reserved 1114112K
  class space    used 2311K, committed 2432K, reserved 1048576K
}
Event: 8.147 GC heap after
{Heap after GC invocations=9 (full 0):
 garbage-first heap   total 61440K, used 22346K [0x0000000080000000, 0x0000000100000000)
  region size 1024K, 2 young (2048K), 2 survivors (2048K)
 Metaspace       used 22107K, committed 22336K, reserved 1114112K
  class space    used 2311K, committed 2432K, reserved 1048576K
}
Event: 8.151 GC heap before
{Heap before GC invocations=9 (full 0):
 garbage-first heap   total 61440K, used 23370K [0x0000000080000000, 0x0000000100000000)
  region size 1024K, 3 young (3072K), 2 survivors (2048K)
 Metaspace       used 22107K, committed 22336K, reserved 1114112K
  class space    used 2311K, committed 2432K, reserved 1048576K
}
Event: 8.157 GC heap after
{Heap after GC invocations=10 (full 0):
 garbage-first heap   total 73728K, used 21914K [0x0000000080000000, 0x0000000100000000)
  region size 1024K, 1 young (1024K), 1 survivors (1024K)
 Metaspace       used 22107K, committed 22336K, reserved 1114112K
  class space    used 2311K, committed 2432K, reserved 1048576K
}
Event: 8.459 GC heap before
{Heap before GC invocations=10 (full 0):
 garbage-first heap   total 73728K, used 49562K [0x0000000080000000, 0x0000000100000000)
  region size 1024K, 28 young (28672K), 1 survivors (1024K)
 Metaspace       used 22396K, committed 22720K, reserved 1114112K
  class space    used 2333K, committed 2496K, reserved 1048576K
}
Event: 8.462 GC heap after
{Heap after GC invocations=11 (full 0):
 garbage-first heap   total 73728K, used 22253K [0x0000000080000000, 0x0000000100000000)
  region size 1024K, 1 young (1024K), 1 survivors (1024K)
 Metaspace       used 22396K, committed 22720K, reserved 1114112K
  class space    used 2333K, committed 2496K, reserved 1048576K
}
Event: 10.474 GC heap before
{Heap before GC invocations=11 (full 0):
 garbage-first heap   total 73728K, used 55021K [0x0000000080000000, 0x0000000100000000)
  region size 1024K, 33 young (33792K), 1 survivors (1024K)
 Metaspace       used 26940K, committed 27264K, reserved 1114112K
  class space    used 2813K, committed 2944K, reserved 1048576K
}
Event: 10.486 GC heap after
{Heap after GC invocations=12 (full 0):
 garbage-first heap   total 73728K, used 25254K [0x0000000080000000, 0x0000000100000000)
  region size 1024K, 4 young (4096K), 4 survivors (4096K)
 Metaspace       used 26940K, committed 27264K, reserved 1114112K
  class space    used 2813K, committed 2944K, reserved 1048576K
}
Event: 11.936 GC heap before
{Heap before GC invocations=12 (full 0):
 garbage-first heap   total 73728K, used 54950K [0x0000000080000000, 0x0000000100000000)
  region size 1024K, 33 young (33792K), 4 survivors (4096K)
 Metaspace       used 31598K, committed 31936K, reserved 1114112K
  class space    used 3368K, committed 3520K, reserved 1048576K
}
Event: 11.953 GC heap after
{Heap after GC invocations=13 (full 0):
 garbage-first heap   total 73728K, used 27010K [0x0000000080000000, 0x0000000100000000)
  region size 1024K, 2 young (2048K), 2 survivors (2048K)
 Metaspace       used 31598K, committed 31936K, reserved 1114112K
  class space    used 3368K, committed 3520K, reserved 1048576K
}
Event: 12.351 GC heap before
{Heap before GC invocations=13 (full 0):
 garbage-first heap   total 73728K, used 58754K [0x0000000080000000, 0x0000000100000000)
  region size 1024K, 31 young (31744K), 2 survivors (2048K)
 Metaspace       used 32729K, committed 33088K, reserved 1114112K
  class space    used 3442K, committed 3584K, reserved 1048576K
}
Event: 12.358 GC heap after
{Heap after GC invocations=14 (full 0):
 garbage-first heap   total 73728K, used 27223K [0x0000000080000000, 0x0000000100000000)
  region size 1024K, 2 young (2048K), 2 survivors (2048K)
 Metaspace       used 32729K, committed 33088K, reserved 1114112K
  class space    used 3442K, committed 3584K, reserved 1048576K
}
Event: 12.532 GC heap before
{Heap before GC invocations=14 (full 0):
 garbage-first heap   total 73728K, used 57943K [0x0000000080000000, 0x0000000100000000)
  region size 1024K, 32 young (32768K), 2 survivors (2048K)
 Metaspace       used 32789K, committed 33216K, reserved 1114112K
  class space    used 3449K, committed 3648K, reserved 1048576K
}
Event: 12.539 GC heap after
{Heap after GC invocations=15 (full 0):
 garbage-first heap   total 73728K, used 27622K [0x0000000080000000, 0x0000000100000000)
  region size 1024K, 3 young (3072K), 3 survivors (3072K)
 Metaspace       used 32789K, committed 33216K, reserved 1114112K
  class space    used 3449K, committed 3648K, reserved 1048576K
}
Event: 14.168 GC heap before
{Heap before GC invocations=15 (full 0):
 garbage-first heap   total 73728K, used 58342K [0x0000000080000000, 0x0000000100000000)
  region size 1024K, 33 young (33792K), 3 survivors (3072K)
 Metaspace       used 35114K, committed 35456K, reserved 1114112K
  class space    used 3683K, committed 3840K, reserved 1048576K
}

