# JRE version: OpenJDK Runtime Environment Temurin-17.0.7+7 (17.0.7+7) (build 17.0.7+7)
# Java VM: OpenJDK 64-Bit Server VM Temurin-17.0.7+7 (17.0.7+7, mixed mode, tiered, compressed oops, compressed class ptrs, g1 gc, windows-amd64)
GC Precious Log:
 CPUs: 4 total, 4 available
 Memory: 3766M
 Large Page Support: Disabled
 NUMA Support: Disabled
 Compressed Oops: Enabled (32-bit)
 Heap Region Size: 1M
 Heap Min Capacity: 8M
 Heap Initial Capacity: 60M
 Heap Max Capacity: 2G
 Pre-touch: Disabled
 Parallel Workers: 4
 Concurrent Workers: 1
 Concurrent Refinement Workers: 4
 Periodic GC: Disabled
Heap:
 garbage-first heap   total 89088K, used 33172K [0x0000000080000000, 0x0000000100000000)
  region size 1024K, 5 young (5120K), 5 survivors (5120K)
 Metaspace       used 35520K, committed 35968K, reserved 1114112K
  class space    used 3762K, committed 3968K, reserved 1048576K
GC Heap History (20 events):
Event: 3.488 GC heap after
{Heap after GC invocations=5 (full 0):
 garbage-first heap   total 61440K, used 21831K [0x0000000080000000, 0x0000000100000000)
  region size 1024K, 3 young (3072K), 3 survivors (3072K)
 Metaspace       used 16737K, committed 16960K, reserved 1114112K
  class space    used 1563K, committed 1664K, reserved 1048576K
}
Event: 3.993 GC heap before
{Heap before GC invocations=5 (full 0):
 garbage-first heap   total 61440K, used 40263K [0x0000000080000000, 0x0000000100000000)
  region size 1024K, 21 young (21504K), 3 survivors (3072K)
 Metaspace       used 18505K, committed 18752K, reserved 1114112K
  class space    used 1746K, committed 1856K, reserved 1048576K
}
Event: 4.005 GC heap after
{Heap after GC invocations=6 (full 0):
 garbage-first heap   total 73728K, used 23033K [0x0000000080000000, 0x0000000100000000)
  region size 1024K, 2 young (2048K), 2 survivors (2048K)
 Metaspace       used 18505K, committed 18752K, reserved 1114112K
  class space    used 1746K, committed 1856K, reserved 1048576K
}
Event: 4.567 GC heap before
{Heap before GC invocations=6 (full 0):
 garbage-first heap   total 73728K, used 39417K [0x0000000080000000, 0x0000000100000000)
  region size 1024K, 20 young (20480K), 2 survivors (2048K)
 Metaspace       used 21333K, committed 21504K, reserved 1114112K
  class space    used 2236K, committed 2304K, reserved 1048576K
}
Event: 4.574 GC heap after
{Heap after GC invocations=7 (full 0):
 garbage-first heap   total 73728K, used 23869K [0x0000000080000000, 0x0000000100000000)
  region size 1024K, 3 young (3072K), 3 survivors (3072K)
 Metaspace       used 21333K, committed 21504K, reserved 1114112K
  class space    used 2236K, committed 2304K, reserved 1048576K
}
Event: 5.029 GC heap before
{Heap before GC invocations=8 (full 0):
 garbage-first heap   total 73728K, used 48445K [0x0000000080000000, 0x0000000100000000)
  region size 1024K, 29 young (29696K), 3 survivors (3072K)
 Metaspace       used 22058K, committed 22272K, reserved 1114112K
  class space    used 2307K, committed 2432K, reserved 1048576K
}
Event: 5.036 GC heap after
{Heap after GC invocations=9 (full 0):
 garbage-first heap   total 73728K, used 22770K [0x0000000080000000, 0x0000000100000000)
  region size 1024K, 2 young (2048K), 2 survivors (2048K)
 Metaspace       used 22058K, committed 22272K, reserved 1114112K
  class space    used 2307K, committed 2432K, reserved 1048576K
}
Event: 5.364 GC heap before
{Heap before GC invocations=9 (full 0):
 garbage-first heap   total 73728K, used 50418K [0x0000000080000000, 0x0000000100000000)
  region size 1024K, 29 young (29696K), 2 survivors (2048K)
 Metaspace       used 22870K, committed 23168K, reserved 1114112K
  class space    used 2380K, committed 2560K, reserved 1048576K
}
Event: 5.373 GC heap after
{Heap after GC invocations=10 (full 0):
 garbage-first heap   total 73728K, used 23657K [0x0000000080000000, 0x0000000100000000)
  region size 1024K, 3 young (3072K), 3 survivors (3072K)
 Metaspace       used 22870K, committed 23168K, reserved 1114112K
  class space    used 2380K, committed 2560K, reserved 1048576K
}
Event: 6.549 GC heap before
{Heap before GC invocations=10 (full 0):
 garbage-first heap   total 73728K, used 56425K [0x0000000080000000, 0x0000000100000000)
  region size 1024K, 35 young (35840K), 3 survivors (3072K)
 Metaspace       used 27836K, committed 28160K, reserved 1114112K
  class space    used 2906K, committed 3072K, reserved 1048576K
}
Event: 6.563 GC heap after
{Heap after GC invocations=11 (full 0):
 garbage-first heap   total 73728K, used 26318K [0x0000000080000000, 0x0000000100000000)
  region size 1024K, 5 young (5120K), 5 survivors (5120K)
 Metaspace       used 27836K, committed 28160K, reserved 1114112K
  class space    used 2906K, committed 3072K, reserved 1048576K
}
Event: 7.219 GC heap before
{Heap before GC invocations=11 (full 0):
 garbage-first heap   total 73728K, used 56014K [0x0000000080000000, 0x0000000100000000)
  region size 1024K, 34 young (34816K), 5 survivors (5120K)
 Metaspace       used 31457K, committed 31808K, reserved 1114112K
  class space    used 3362K, committed 3520K, reserved 1048576K
}
Event: 7.231 GC heap after
{Heap after GC invocations=12 (full 0):
 garbage-first heap   total 89088K, used 27772K [0x0000000080000000, 0x0000000100000000)
  region size 1024K, 4 young (4096K), 4 survivors (4096K)
 Metaspace       used 31457K, committed 31808K, reserved 1114112K
  class space    used 3362K, committed 3520K, reserved 1048576K
}
Event: 7.551 GC heap before
{Heap before GC invocations=12 (full 0):
 garbage-first heap   total 89088K, used 73852K [0x0000000080000000, 0x0000000100000000)
  region size 1024K, 46 young (47104K), 4 survivors (4096K)
 Metaspace       used 32650K, committed 33024K, reserved 1114112K
  class space    used 3443K, committed 3648K, reserved 1048576K
}
Event: 7.561 GC heap after
{Heap after GC invocations=13 (full 0):
 garbage-first heap   total 89088K, used 28650K [0x0000000080000000, 0x0000000100000000)
  region size 1024K, 3 young (3072K), 3 survivors (3072K)
 Metaspace       used 32650K, committed 33024K, reserved 1114112K
  class space    used 3443K, committed 3648K, reserved 1048576K
}
Event: 8.355 GC heap before
{Heap before GC invocations=13 (full 0):
 garbage-first heap   total 89088K, used 71658K [0x0000000080000000, 0x0000000100000000)
  region size 1024K, 45 young (46080K), 3 survivors (3072K)
 Metaspace       used 34849K, committed 35264K, reserved 1114112K
  class space    used 3682K, committed 3840K, reserved 1048576K
}
Event: 8.367 GC heap after
{Heap after GC invocations=14 (full 0):
 garbage-first heap   total 89088K, used 30038K [0x0000000080000000, 0x0000000100000000)
  region size 1024K, 4 young (4096K), 4 survivors (4096K)
 Metaspace       used 34849K, committed 35264K, reserved 1114112K
  class space    used 3682K, committed 3840K, reserved 1048576K
}
Event: 8.516 GC heap before
{Heap before GC invocations=14 (full 0):
 garbage-first heap   total 89088K, used 72022K [0x0000000080000000, 0x0000000100000000)
  region size 1024K, 45 young (46080K), 4 survivors (4096K)
 Metaspace       used 34912K, committed 35264K, reserved 1114112K
  class space    used 3689K, committed 3840K, reserved 1048576K
}
Event: 8.530 GC heap after
{Heap after GC invocations=15 (full 0):
 garbage-first heap   total 89088K, used 31138K [0x0000000080000000, 0x0000000100000000)
  region size 1024K, 4 young (4096K), 4 survivors (4096K)
 Metaspace       used 34912K, committed 35264K, reserved 1114112K
  class space    used 3689K, committed 3840K, reserved 1048576K
}
Event: 8.787 GC heap before
{Heap before GC invocations=15 (full 0):
 garbage-first heap   total 89088K, used 41378K [0x0000000080000000, 0x0000000100000000)
  region size 1024K, 15 young (15360K), 4 survivors (4096K)
 Metaspace       used 35520K, committed 35968K, reserved 1114112K
  class space    used 3762K, committed 3968K, reserved 1048576K
}

