# JRE version: OpenJDK Runtime Environment Temurin-17.0.7+7 (17.0.7+7) (build 17.0.7+7)
# Java VM: OpenJDK 64-Bit Server VM Temurin-17.0.7+7 (17.0.7+7, mixed mode, tiered, compressed oops, compressed class ptrs, g1 gc, windows-amd64)
GC Precious Log:
 CPUs: 4 total, 4 available
 Memory: 3766M
 Large Page Support: Disabled
 NUMA Support: Disabled
 Compressed Oops: Enabled (32-bit)
 Heap Region Size: 1M
 Heap Min Capacity: 8M
 Heap Initial Capacity: 60M
 Heap Max Capacity: 2G
 Pre-touch: Disabled
 Parallel Workers: 4
 Concurrent Workers: 1
 Concurrent Refinement Workers: 4
 Periodic GC: Disabled
Heap:
 garbage-first heap   total 112640K, used 51102K [0x0000000080000000, 0x0000000100000000)
  region size 1024K, 25 young (25600K), 9 survivors (9216K)
 Metaspace       used 44219K, committed 44736K, reserved 1114112K
  class space    used 4899K, committed 5120K, reserved 1048576K
GC Heap History (20 events):
Event: 4.754 GC heap before
{Heap before GC invocations=6 (full 0):
 garbage-first heap   total 61440K, used 37036K [0x0000000080000000, 0x0000000100000000)
  region size 1024K, 19 young (19456K), 2 survivors (2048K)
 Metaspace       used 21329K, committed 21504K, reserved 1114112K
  class space    used 2233K, committed 2304K, reserved 1048576K
}
Event: 4.760 GC heap after
{Heap after GC invocations=7 (full 0):
 garbage-first heap   total 73728K, used 21083K [0x0000000080000000, 0x0000000100000000)
  region size 1024K, 3 young (3072K), 3 survivors (3072K)
 Metaspace       used 21329K, committed 21504K, reserved 1114112K
  class space    used 2233K, committed 2304K, reserved 1048576K
}
Event: 5.485 GC heap before
{Heap before GC invocations=8 (full 0):
 garbage-first heap   total 73728K, used 47707K [0x0000000080000000, 0x0000000100000000)
  region size 1024K, 29 young (29696K), 3 survivors (3072K)
 Metaspace       used 22085K, committed 22336K, reserved 1114112K
  class space    used 2306K, committed 2432K, reserved 1048576K
}
Event: 5.499 GC heap after
{Heap after GC invocations=9 (full 0):
 garbage-first heap   total 73728K, used 21959K [0x0000000080000000, 0x0000000100000000)
  region size 1024K, 2 young (2048K), 2 survivors (2048K)
 Metaspace       used 22085K, committed 22336K, reserved 1114112K
  class space    used 2306K, committed 2432K, reserved 1048576K
}
Event: 5.502 GC heap before
{Heap before GC invocations=9 (full 0):
 garbage-first heap   total 73728K, used 22983K [0x0000000080000000, 0x0000000100000000)
  region size 1024K, 3 young (3072K), 2 survivors (2048K)
 Metaspace       used 22085K, committed 22336K, reserved 1114112K
  class space    used 2306K, committed 2432K, reserved 1048576K
}
Event: 5.509 GC heap after
{Heap after GC invocations=10 (full 0):
 garbage-first heap   total 73728K, used 21817K [0x0000000080000000, 0x0000000100000000)
  region size 1024K, 1 young (1024K), 1 survivors (1024K)
 Metaspace       used 22085K, committed 22336K, reserved 1114112K
  class space    used 2306K, committed 2432K, reserved 1048576K
}
Event: 6.028 GC heap before
{Heap before GC invocations=10 (full 0):
 garbage-first heap   total 73728K, used 49465K [0x0000000080000000, 0x0000000100000000)
  region size 1024K, 28 young (28672K), 1 survivors (1024K)
 Metaspace       used 22901K, committed 23232K, reserved 1114112K
  class space    used 2379K, committed 2560K, reserved 1048576K
}
Event: 6.034 GC heap after
{Heap after GC invocations=11 (full 0):
 garbage-first heap   total 73728K, used 22712K [0x0000000080000000, 0x0000000100000000)
  region size 1024K, 2 young (2048K), 2 survivors (2048K)
 Metaspace       used 22901K, committed 23232K, reserved 1114112K
  class space    used 2379K, committed 2560K, reserved 1048576K
}
Event: 8.043 GC heap before
{Heap before GC invocations=11 (full 0):
 garbage-first heap   total 73728K, used 55480K [0x0000000080000000, 0x0000000100000000)
  region size 1024K, 34 young (34816K), 2 survivors (2048K)
 Metaspace       used 27951K, committed 28288K, reserved 1114112K
  class space    used 2925K, committed 3072K, reserved 1048576K
}
Event: 8.055 GC heap after
{Heap after GC invocations=12 (full 0):
 garbage-first heap   total 73728K, used 25227K [0x0000000080000000, 0x0000000100000000)
  region size 1024K, 4 young (4096K), 4 survivors (4096K)
 Metaspace       used 27951K, committed 28288K, reserved 1114112K
  class space    used 2925K, committed 3072K, reserved 1048576K
}
Event: 9.179 GC heap before
{Heap before GC invocations=12 (full 0):
 garbage-first heap   total 73728K, used 55947K [0x0000000080000000, 0x0000000100000000)
  region size 1024K, 34 young (34816K), 4 survivors (4096K)
 Metaspace       used 31489K, committed 31808K, reserved 1114112K
  class space    used 3360K, committed 3520K, reserved 1048576K
}
Event: 9.194 GC heap after
{Heap after GC invocations=13 (full 0):
 garbage-first heap   total 73728K, used 26727K [0x0000000080000000, 0x0000000100000000)
  region size 1024K, 4 young (4096K), 4 survivors (4096K)
 Metaspace       used 31489K, committed 31808K, reserved 1114112K
  class space    used 3360K, committed 3520K, reserved 1048576K
}
Event: 9.672 GC heap before
{Heap before GC invocations=13 (full 0):
 garbage-first heap   total 73728K, used 59495K [0x0000000080000000, 0x0000000100000000)
  region size 1024K, 33 young (33792K), 4 survivors (4096K)
 Metaspace       used 32694K, committed 33088K, reserved 1114112K
  class space    used 3440K, committed 3648K, reserved 1048576K
}
Event: 9.687 GC heap after
{Heap after GC invocations=14 (full 0):
 garbage-first heap   total 174080K, used 27240K [0x0000000080000000, 0x0000000100000000)
  region size 1024K, 2 young (2048K), 2 survivors (2048K)
 Metaspace       used 32694K, committed 33088K, reserved 1114112K
  class space    used 3440K, committed 3648K, reserved 1048576K
}
Event: 12.277 GC heap before
{Heap before GC invocations=14 (full 0):
 garbage-first heap   total 174080K, used 129640K [0x0000000080000000, 0x0000000100000000)
  region size 1024K, 102 young (104448K), 2 survivors (2048K)
 Metaspace       used 35248K, committed 35712K, reserved 1114112K
  class space    used 3717K, committed 3904K, reserved 1048576K
}
Event: 12.291 GC heap after
{Heap after GC invocations=15 (full 0):
 garbage-first heap   total 174080K, used 31130K [0x0000000080000000, 0x0000000100000000)
  region size 1024K, 6 young (6144K), 6 survivors (6144K)
 Metaspace       used 35248K, committed 35712K, reserved 1114112K
  class space    used 3717K, committed 3904K, reserved 1048576K
}
Event: 12.619 GC heap before
{Heap before GC invocations=15 (full 0):
 garbage-first heap   total 174080K, used 35226K [0x0000000080000000, 0x0000000100000000)
  region size 1024K, 11 young (11264K), 6 survivors (6144K)
 Metaspace       used 35582K, committed 35968K, reserved 1114112K
  class space    used 3745K, committed 3904K, reserved 1048576K
}
Event: 12.630 GC heap after
{Heap after GC invocations=16 (full 0):
 garbage-first heap   total 174080K, used 32297K [0x0000000080000000, 0x0000000100000000)
  region size 1024K, 7 young (7168K), 7 survivors (7168K)
 Metaspace       used 35582K, committed 35968K, reserved 1114112K
  class space    used 3745K, committed 3904K, reserved 1048576K
}
Event: 26.411 GC heap before
{Heap before GC invocations=17 (full 0):
 garbage-first heap   total 112640K, used 90665K [0x0000000080000000, 0x0000000100000000)
  region size 1024K, 66 young (67584K), 7 survivors (7168K)
 Metaspace       used 43839K, committed 44352K, reserved 1114112K
  class space    used 4870K, committed 5120K, reserved 1048576K
}
Event: 26.432 GC heap after
{Heap after GC invocations=18 (full 0):
 garbage-first heap   total 112640K, used 35742K [0x0000000080000000, 0x0000000100000000)
  region size 1024K, 9 young (9216K), 9 survivors (9216K)
 Metaspace       used 43839K, committed 44352K, reserved 1114112K
  class space    used 4870K, committed 5120K, reserved 1048576K
}

