# JRE version: OpenJDK Runtime Environment Temurin-17.0.7+7 (17.0.7+7) (build 17.0.7+7)
# Java VM: OpenJDK 64-Bit Server VM Temurin-17.0.7+7 (17.0.7+7, mixed mode, tiered, compressed oops, compressed class ptrs, g1 gc, windows-amd64)
GC Precious Log:
 CPUs: 4 total, 4 available
 Memory: 3766M
 Large Page Support: Disabled
 NUMA Support: Disabled
 Compressed Oops: Enabled (32-bit)
 Heap Region Size: 1M
 Heap Min Capacity: 8M
 Heap Initial Capacity: 60M
 Heap Max Capacity: 2G
 Pre-touch: Disabled
 Parallel Workers: 4
 Concurrent Workers: 1
 Concurrent Refinement Workers: 4
 Periodic GC: Disabled
Heap:
 garbage-first heap   total 89088K, used 58843K [0x0000000080000000, 0x0000000100000000)
  region size 1024K, 29 young (29696K), 6 survivors (6144K)
 Metaspace       used 43885K, committed 44352K, reserved 1114112K
  class space    used 4855K, committed 5056K, reserved 1048576K
GC Heap History (20 events):
Event: 7.662 GC heap before
{Heap before GC invocations=9 (full 0):
 garbage-first heap   total 61440K, used 44584K [0x0000000080000000, 0x0000000100000000)
  region size 1024K, 23 young (23552K), 2 survivors (2048K)
 Metaspace       used 22179K, committed 22400K, reserved 1114112K
  class space    used 2313K, committed 2432K, reserved 1048576K
}
Event: 7.667 GC heap after
{Heap after GC invocations=10 (full 0):
 garbage-first heap   total 61440K, used 23291K [0x0000000080000000, 0x0000000100000000)
  region size 1024K, 1 young (1024K), 1 survivors (1024K)
 Metaspace       used 22179K, committed 22400K, reserved 1114112K
  class space    used 2313K, committed 2432K, reserved 1048576K
}
Event: 8.547 GC heap before
{Heap before GC invocations=10 (full 0):
 garbage-first heap   total 61440K, used 44795K [0x0000000080000000, 0x0000000100000000)
  region size 1024K, 23 young (23552K), 1 survivors (1024K)
 Metaspace       used 24022K, committed 24320K, reserved 1114112K
  class space    used 2493K, committed 2624K, reserved 1048576K
}
Event: 8.557 GC heap after
{Heap after GC invocations=11 (full 0):
 garbage-first heap   total 73728K, used 24754K [0x0000000080000000, 0x0000000100000000)
  region size 1024K, 3 young (3072K), 3 survivors (3072K)
 Metaspace       used 24022K, committed 24320K, reserved 1114112K
  class space    used 2493K, committed 2624K, reserved 1048576K
}
Event: 11.013 GC heap before
{Heap before GC invocations=11 (full 0):
 garbage-first heap   total 73728K, used 57522K [0x0000000080000000, 0x0000000100000000)
  region size 1024K, 35 young (35840K), 3 survivors (3072K)
 Metaspace       used 30667K, committed 31040K, reserved 1114112K
  class space    used 3264K, committed 3456K, reserved 1048576K
}
Event: 11.030 GC heap after
{Heap after GC invocations=12 (full 0):
 garbage-first heap   total 73728K, used 27721K [0x0000000080000000, 0x0000000100000000)
  region size 1024K, 5 young (5120K), 5 survivors (5120K)
 Metaspace       used 30667K, committed 31040K, reserved 1114112K
  class space    used 3264K, committed 3456K, reserved 1048576K
}
Event: 11.499 GC heap before
{Heap before GC invocations=12 (full 0):
 garbage-first heap   total 73728K, used 54345K [0x0000000080000000, 0x0000000100000000)
  region size 1024K, 31 young (31744K), 5 survivors (5120K)
 Metaspace       used 31599K, committed 31936K, reserved 1114112K
  class space    used 3365K, committed 3520K, reserved 1048576K
}
Event: 11.518 GC heap after
{Heap after GC invocations=13 (full 0):
 garbage-first heap   total 73728K, used 28636K [0x0000000080000000, 0x0000000100000000)
  region size 1024K, 1 young (1024K), 1 survivors (1024K)
 Metaspace       used 31599K, committed 31936K, reserved 1114112K
  class space    used 3365K, committed 3520K, reserved 1048576K
}
Event: 11.941 GC heap before
{Heap before GC invocations=13 (full 0):
 garbage-first heap   total 73728K, used 58332K [0x0000000080000000, 0x0000000100000000)
  region size 1024K, 28 young (28672K), 1 survivors (1024K)
 Metaspace       used 32791K, committed 33152K, reserved 1114112K
  class space    used 3445K, committed 3648K, reserved 1048576K
}
Event: 11.945 GC heap after
{Heap after GC invocations=14 (full 0):
 garbage-first heap   total 73728K, used 28792K [0x0000000080000000, 0x0000000100000000)
  region size 1024K, 1 young (1024K), 1 survivors (1024K)
 Metaspace       used 32791K, committed 33152K, reserved 1114112K
  class space    used 3445K, committed 3648K, reserved 1048576K
}
Event: 12.531 GC heap before
{Heap before GC invocations=14 (full 0):
 garbage-first heap   total 73728K, used 57464K [0x0000000080000000, 0x0000000100000000)
  region size 1024K, 29 young (29696K), 1 survivors (1024K)
 Metaspace       used 33932K, committed 34368K, reserved 1114112K
  class space    used 3561K, committed 3776K, reserved 1048576K
}
Event: 12.537 GC heap after
{Heap after GC invocations=15 (full 0):
 garbage-first heap   total 73728K, used 29421K [0x0000000080000000, 0x0000000100000000)
  region size 1024K, 2 young (2048K), 2 survivors (2048K)
 Metaspace       used 33932K, committed 34368K, reserved 1114112K
  class space    used 3561K, committed 3776K, reserved 1048576K
}
Event: 13.801 GC heap before
{Heap before GC invocations=15 (full 0):
 garbage-first heap   total 73728K, used 59117K [0x0000000080000000, 0x0000000100000000)
  region size 1024K, 31 young (31744K), 2 survivors (2048K)
 Metaspace       used 35169K, committed 35520K, reserved 1114112K
  class space    used 3681K, committed 3840K, reserved 1048576K
}
Event: 13.811 GC heap after
{Heap after GC invocations=16 (full 0):
 garbage-first heap   total 89088K, used 30376K [0x0000000080000000, 0x0000000100000000)
  region size 1024K, 3 young (3072K), 3 survivors (3072K)
 Metaspace       used 35169K, committed 35520K, reserved 1114112K
  class space    used 3681K, committed 3840K, reserved 1048576K
}
Event: 14.197 GC heap before
{Heap before GC invocations=16 (full 0):
 garbage-first heap   total 89088K, used 70312K [0x0000000080000000, 0x0000000100000000)
  region size 1024K, 42 young (43008K), 3 survivors (3072K)
 Metaspace       used 35244K, committed 35648K, reserved 1114112K
  class space    used 3687K, committed 3840K, reserved 1048576K
}
Event: 14.207 GC heap after
{Heap after GC invocations=17 (full 0):
 garbage-first heap   total 89088K, used 31295K [0x0000000080000000, 0x0000000100000000)
  region size 1024K, 4 young (4096K), 4 survivors (4096K)
 Metaspace       used 35244K, committed 35648K, reserved 1114112K
  class space    used 3687K, committed 3840K, reserved 1048576K
}
Event: 14.561 GC heap before
{Heap before GC invocations=17 (full 0):
 garbage-first heap   total 89088K, used 39487K [0x0000000080000000, 0x0000000100000000)
  region size 1024K, 13 young (13312K), 4 survivors (4096K)
 Metaspace       used 35565K, committed 35968K, reserved 1114112K
  class space    used 3720K, committed 3904K, reserved 1048576K
}
Event: 14.578 GC heap after
{Heap after GC invocations=18 (full 0):
 garbage-first heap   total 89088K, used 33165K [0x0000000080000000, 0x0000000100000000)
  region size 1024K, 5 young (5120K), 5 survivors (5120K)
 Metaspace       used 35565K, committed 35968K, reserved 1114112K
  class space    used 3720K, committed 3904K, reserved 1048576K
}
Event: 16.586 GC heap before
{Heap before GC invocations=19 (full 0):
 garbage-first heap   total 89088K, used 72077K [0x0000000080000000, 0x0000000100000000)
  region size 1024K, 43 young (44032K), 5 survivors (5120K)
 Metaspace       used 40506K, committed 41024K, reserved 1114112K
  class space    used 4383K, committed 4608K, reserved 1048576K
}
Event: 16.610 GC heap after
{Heap after GC invocations=20 (full 0):
 garbage-first heap   total 89088K, used 36315K [0x0000000080000000, 0x0000000100000000)
  region size 1024K, 6 young (6144K), 6 survivors (6144K)
 Metaspace       used 40506K, committed 41024K, reserved 1114112K
  class space    used 4383K, committed 4608K, reserved 1048576K
}

