# JRE version: OpenJDK Runtime Environment Temurin-17.0.7+7 (17.0.7+7) (build 17.0.7+7)
# Java VM: OpenJDK 64-Bit Server VM Temurin-17.0.7+7 (17.0.7+7, mixed mode, tiered, compressed oops, compressed class ptrs, g1 gc, windows-amd64)
GC Precious Log:
 CPUs: 4 total, 4 available
 Memory: 3766M
 Large Page Support: Disabled
 NUMA Support: Disabled
 Compressed Oops: Enabled (32-bit)
 Heap Region Size: 1M
 Heap Min Capacity: 8M
 Heap Initial Capacity: 60M
 Heap Max Capacity: 2G
 Pre-touch: Disabled
 Parallel Workers: 4
 Concurrent Workers: 1
 Concurrent Refinement Workers: 4
 Periodic GC: Disabled
Heap:
 garbage-first heap   total 109568K, used 50077K [0x0000000080000000, 0x0000000100000000)
  region size 1024K, 16 young (16384K), 1 survivors (1024K)
 Metaspace       used 44234K, committed 44736K, reserved 1114112K
  class space    used 4886K, committed 5120K, reserved 1048576K
GC Heap History (20 events):
Event: 8.444 GC heap before
{Heap before GC invocations=10 (full 0):
 garbage-first heap   total 61440K, used 45115K [0x0000000080000000, 0x0000000100000000)
  region size 1024K, 24 young (24576K), 1 survivors (1024K)
 Metaspace       used 22191K, committed 22464K, reserved 1114112K
  class space    used 2313K, committed 2432K, reserved 1048576K
}
Event: 8.446 GC heap after
{Heap after GC invocations=11 (full 0):
 garbage-first heap   total 61440K, used 21384K [0x0000000080000000, 0x0000000100000000)
  region size 1024K, 1 young (1024K), 1 survivors (1024K)
 Metaspace       used 22191K, committed 22464K, reserved 1114112K
  class space    used 2313K, committed 2432K, reserved 1048576K
}
Event: 9.904 GC heap before
{Heap before GC invocations=11 (full 0):
 garbage-first heap   total 61440K, used 45960K [0x0000000080000000, 0x0000000100000000)
  region size 1024K, 26 young (26624K), 1 survivors (1024K)
 Metaspace       used 24917K, committed 25216K, reserved 1114112K
  class space    used 2601K, committed 2752K, reserved 1048576K
}
Event: 9.914 GC heap after
{Heap after GC invocations=12 (full 0):
 garbage-first heap   total 61440K, used 23504K [0x0000000080000000, 0x0000000100000000)
  region size 1024K, 3 young (3072K), 3 survivors (3072K)
 Metaspace       used 24917K, committed 25216K, reserved 1114112K
  class space    used 2601K, committed 2752K, reserved 1048576K
}
Event: 11.563 GC heap before
{Heap before GC invocations=12 (full 0):
 garbage-first heap   total 61440K, used 46032K [0x0000000080000000, 0x0000000100000000)
  region size 1024K, 25 young (25600K), 3 survivors (3072K)
 Metaspace       used 30119K, committed 30464K, reserved 1114112K
  class space    used 3209K, committed 3392K, reserved 1048576K
}
Event: 11.577 GC heap after
{Heap after GC invocations=13 (full 0):
 garbage-first heap   total 61440K, used 25694K [0x0000000080000000, 0x0000000100000000)
  region size 1024K, 3 young (3072K), 3 survivors (3072K)
 Metaspace       used 30119K, committed 30464K, reserved 1114112K
  class space    used 3209K, committed 3392K, reserved 1048576K
}
Event: 12.325 GC heap before
{Heap before GC invocations=13 (full 0):
 garbage-first heap   total 61440K, used 47198K [0x0000000080000000, 0x0000000100000000)
  region size 1024K, 24 young (24576K), 3 survivors (3072K)
 Metaspace       used 31638K, committed 32000K, reserved 1114112K
  class space    used 3366K, committed 3520K, reserved 1048576K
}
Event: 12.335 GC heap after
{Heap after GC invocations=14 (full 0):
 garbage-first heap   total 61440K, used 26591K [0x0000000080000000, 0x0000000100000000)
  region size 1024K, 1 young (1024K), 1 survivors (1024K)
 Metaspace       used 31638K, committed 32000K, reserved 1114112K
  class space    used 3366K, committed 3520K, reserved 1048576K
}
Event: 12.372 GC heap before
{Heap before GC invocations=14 (full 0):
 garbage-first heap   total 61440K, used 35807K [0x0000000080000000, 0x0000000100000000)
  region size 1024K, 11 young (11264K), 1 survivors (1024K)
 Metaspace       used 31640K, committed 32000K, reserved 1114112K
  class space    used 3366K, committed 3520K, reserved 1048576K
}
Event: 12.376 GC heap after
{Heap after GC invocations=15 (full 0):
 garbage-first heap   total 61440K, used 27615K [0x0000000080000000, 0x0000000100000000)
  region size 1024K, 1 young (1024K), 1 survivors (1024K)
 Metaspace       used 31640K, committed 32000K, reserved 1114112K
  class space    used 3366K, committed 3520K, reserved 1048576K
}
Event: 12.700 GC heap before
{Heap before GC invocations=15 (full 0):
 garbage-first heap   total 61440K, used 51167K [0x0000000080000000, 0x0000000100000000)
  region size 1024K, 22 young (22528K), 1 survivors (1024K)
 Metaspace       used 32803K, committed 33216K, reserved 1114112K
  class space    used 3442K, committed 3648K, reserved 1048576K
}
Event: 12.707 GC heap after
{Heap after GC invocations=16 (full 0):
 garbage-first heap   total 159744K, used 26973K [0x0000000080000000, 0x0000000100000000)
  region size 1024K, 2 young (2048K), 2 survivors (2048K)
 Metaspace       used 32803K, committed 33216K, reserved 1114112K
  class space    used 3442K, committed 3648K, reserved 1048576K
}
Event: 15.203 GC heap before
{Heap before GC invocations=16 (full 0):
 garbage-first heap   total 159744K, used 115037K [0x0000000080000000, 0x0000000100000000)
  region size 1024K, 88 young (90112K), 2 survivors (2048K)
 Metaspace       used 35206K, committed 35520K, reserved 1114112K
  class space    used 3685K, committed 3840K, reserved 1048576K
}
Event: 15.214 GC heap after
{Heap after GC invocations=17 (full 0):
 garbage-first heap   total 159744K, used 29303K [0x0000000080000000, 0x0000000100000000)
  region size 1024K, 4 young (4096K), 4 survivors (4096K)
 Metaspace       used 35206K, committed 35520K, reserved 1114112K
  class space    used 3685K, committed 3840K, reserved 1048576K
}
Event: 15.720 GC heap before
{Heap before GC invocations=17 (full 0):
 garbage-first heap   total 159744K, used 48759K [0x0000000080000000, 0x0000000100000000)
  region size 1024K, 24 young (24576K), 4 survivors (4096K)
 Metaspace       used 35547K, committed 35968K, reserved 1114112K
  class space    used 3718K, committed 3904K, reserved 1048576K
}
Event: 15.733 GC heap after
{Heap after GC invocations=18 (full 0):
 garbage-first heap   total 159744K, used 31089K [0x0000000080000000, 0x0000000100000000)
  region size 1024K, 6 young (6144K), 6 survivors (6144K)
 Metaspace       used 35547K, committed 35968K, reserved 1114112K
  class space    used 3718K, committed 3904K, reserved 1048576K
}
Event: 22.309 GC heap before
{Heap before GC invocations=19 (full 0):
 garbage-first heap   total 109568K, used 90481K [0x0000000080000000, 0x0000000100000000)
  region size 1024K, 64 young (65536K), 6 survivors (6144K)
 Metaspace       used 43627K, committed 44160K, reserved 1114112K
  class space    used 4833K, committed 5056K, reserved 1048576K
}
Event: 22.339 GC heap after
{Heap after GC invocations=20 (full 0):
 garbage-first heap   total 109568K, used 35096K [0x0000000080000000, 0x0000000100000000)
  region size 1024K, 8 young (8192K), 8 survivors (8192K)
 Metaspace       used 43627K, committed 44160K, reserved 1114112K
  class space    used 4833K, committed 5056K, reserved 1048576K
}
Event: 22.393 GC heap before
{Heap before GC invocations=20 (full 0):
 garbage-first heap   total 109568K, used 35096K [0x0000000080000000, 0x0000000100000000)
  region size 1024K, 9 young (9216K), 8 survivors (8192K)
 Metaspace       used 43718K, committed 44224K, reserved 1114112K
  class space    used 4846K, committed 5056K, reserved 1048576K
}
Event: 22.417 GC heap after
{Heap after GC invocations=21 (full 0):
 garbage-first heap   total 109568K, used 35741K [0x0000000080000000, 0x0000000100000000)
  region size 1024K, 1 young (1024K), 1 survivors (1024K)
 Metaspace       used 43718K, committed 44224K, reserved 1114112K
  class space    used 4846K, committed 5056K, reserved 1048576K
}

