# JRE version: OpenJDK Runtime Environment Temurin-17.0.7+7 (17.0.7+7) (build 17.0.7+7)
# Java VM: OpenJDK 64-Bit Server VM Temurin-17.0.7+7 (17.0.7+7, mixed mode, tiered, compressed oops, compressed class ptrs, g1 gc, windows-amd64)
GC Precious Log:
 CPUs: 4 total, 4 available
 Memory: 3766M
 Large Page Support: Disabled
 NUMA Support: Disabled
 Compressed Oops: Enabled (32-bit)
 Heap Region Size: 1M
 Heap Min Capacity: 8M
 Heap Initial Capacity: 60M
 Heap Max Capacity: 2G
 Pre-touch: Disabled
 Parallel Workers: 4
 Concurrent Workers: 1
 Concurrent Refinement Workers: 4
 Periodic GC: Disabled
Heap:
 garbage-first heap   total 107520K, used 83488K [0x0000000080000000, 0x0000000100000000)
  region size 1024K, 57 young (58368K), 6 survivors (6144K)
 Metaspace       used 43007K, committed 43456K, reserved 1114112K
  class space    used 4788K, committed 4992K, reserved 1048576K
GC Heap History (20 events):
Event: 3.077 GC heap before
{Heap before GC invocations=4 (full 0):
 garbage-first heap   total 61440K, used 40929K [0x0000000080000000, 0x0000000100000000)
  region size 1024K, 25 young (25600K), 3 survivors (3072K)
 Metaspace       used 16724K, committed 16896K, reserved 1114112K
  class space    used 1563K, committed 1664K, reserved 1048576K
}
Event: 3.092 GC heap after
{Heap after GC invocations=5 (full 0):
 garbage-first heap   total 73728K, used 21379K [0x0000000080000000, 0x0000000100000000)
  region size 1024K, 4 young (4096K), 4 survivors (4096K)
 Metaspace       used 16724K, committed 16896K, reserved 1114112K
  class space    used 1563K, committed 1664K, reserved 1048576K
}
Event: 3.817 GC heap before
{Heap before GC invocations=5 (full 0):
 garbage-first heap   total 73728K, used 44931K [0x0000000080000000, 0x0000000100000000)
  region size 1024K, 27 young (27648K), 4 survivors (4096K)
 Metaspace       used 19499K, committed 19712K, reserved 1114112K
  class space    used 1892K, committed 1984K, reserved 1048576K
}
Event: 3.832 GC heap after
{Heap after GC invocations=6 (full 0):
 garbage-first heap   total 73728K, used 20792K [0x0000000080000000, 0x0000000100000000)
  region size 1024K, 2 young (2048K), 2 survivors (2048K)
 Metaspace       used 19499K, committed 19712K, reserved 1114112K
  class space    used 1892K, committed 1984K, reserved 1048576K
}
Event: 4.275 GC heap before
{Heap before GC invocations=6 (full 0):
 garbage-first heap   total 73728K, used 32056K [0x0000000080000000, 0x0000000100000000)
  region size 1024K, 14 young (14336K), 2 survivors (2048K)
 Metaspace       used 21314K, committed 21504K, reserved 1114112K
  class space    used 2226K, committed 2304K, reserved 1048576K
}
Event: 4.283 GC heap after
{Heap after GC invocations=7 (full 0):
 garbage-first heap   total 73728K, used 21305K [0x0000000080000000, 0x0000000100000000)
  region size 1024K, 3 young (3072K), 3 survivors (3072K)
 Metaspace       used 21314K, committed 21504K, reserved 1114112K
  class space    used 2226K, committed 2304K, reserved 1048576K
}
Event: 4.775 GC heap before
{Heap before GC invocations=8 (full 0):
 garbage-first heap   total 73728K, used 51001K [0x0000000080000000, 0x0000000100000000)
  region size 1024K, 32 young (32768K), 3 survivors (3072K)
 Metaspace       used 22071K, committed 22336K, reserved 1114112K
  class space    used 2306K, committed 2432K, reserved 1048576K
}
Event: 4.783 GC heap after
{Heap after GC invocations=9 (full 0):
 garbage-first heap   total 73728K, used 22276K [0x0000000080000000, 0x0000000100000000)
  region size 1024K, 2 young (2048K), 2 survivors (2048K)
 Metaspace       used 22071K, committed 22336K, reserved 1114112K
  class space    used 2306K, committed 2432K, reserved 1048576K
}
Event: 5.310 GC heap before
{Heap before GC invocations=9 (full 0):
 garbage-first heap   total 73728K, used 51972K [0x0000000080000000, 0x0000000100000000)
  region size 1024K, 31 young (31744K), 2 survivors (2048K)
 Metaspace       used 23031K, committed 23296K, reserved 1114112K
  class space    used 2396K, committed 2560K, reserved 1048576K
}
Event: 5.319 GC heap after
{Heap after GC invocations=10 (full 0):
 garbage-first heap   total 89088K, used 23109K [0x0000000080000000, 0x0000000100000000)
  region size 1024K, 3 young (3072K), 3 survivors (3072K)
 Metaspace       used 23031K, committed 23296K, reserved 1114112K
  class space    used 2396K, committed 2560K, reserved 1048576K
}
Event: 7.080 GC heap before
{Heap before GC invocations=10 (full 0):
 garbage-first heap   total 89088K, used 60997K [0x0000000080000000, 0x0000000100000000)
  region size 1024K, 40 young (40960K), 3 survivors (3072K)
 Metaspace       used 30601K, committed 30976K, reserved 1114112K
  class space    used 3264K, committed 3456K, reserved 1048576K
}
Event: 7.099 GC heap after
{Heap after GC invocations=11 (full 0):
 garbage-first heap   total 89088K, used 26501K [0x0000000080000000, 0x0000000100000000)
  region size 1024K, 5 young (5120K), 5 survivors (5120K)
 Metaspace       used 30601K, committed 30976K, reserved 1114112K
  class space    used 3264K, committed 3456K, reserved 1048576K
}
Event: 7.619 GC heap before
{Heap before GC invocations=11 (full 0):
 garbage-first heap   total 89088K, used 69509K [0x0000000080000000, 0x0000000100000000)
  region size 1024K, 45 young (46080K), 5 survivors (5120K)
 Metaspace       used 32608K, committed 32896K, reserved 1114112K
  class space    used 3434K, committed 3584K, reserved 1048576K
}
Event: 7.632 GC heap after
{Heap after GC invocations=12 (full 0):
 garbage-first heap   total 89088K, used 27715K [0x0000000080000000, 0x0000000100000000)
  region size 1024K, 4 young (4096K), 4 survivors (4096K)
 Metaspace       used 32608K, committed 32896K, reserved 1114112K
  class space    used 3434K, committed 3584K, reserved 1048576K
}
Event: 8.092 GC heap before
{Heap before GC invocations=12 (full 0):
 garbage-first heap   total 89088K, used 68675K [0x0000000080000000, 0x0000000100000000)
  region size 1024K, 44 young (45056K), 4 survivors (4096K)
 Metaspace       used 33515K, committed 33920K, reserved 1114112K
  class space    used 3562K, committed 3712K, reserved 1048576K
}
Event: 8.103 GC heap after
{Heap after GC invocations=13 (full 0):
 garbage-first heap   total 89088K, used 28672K [0x0000000080000000, 0x0000000100000000)
  region size 1024K, 2 young (2048K), 2 survivors (2048K)
 Metaspace       used 33515K, committed 33920K, reserved 1114112K
  class space    used 3562K, committed 3712K, reserved 1048576K
}
Event: 8.731 GC heap before
{Heap before GC invocations=13 (full 0):
 garbage-first heap   total 89088K, used 71680K [0x0000000080000000, 0x0000000100000000)
  region size 1024K, 44 young (45056K), 2 survivors (2048K)
 Metaspace       used 34921K, committed 35328K, reserved 1114112K
  class space    used 3686K, committed 3840K, reserved 1048576K
}
Event: 8.741 GC heap after
{Heap after GC invocations=14 (full 0):
 garbage-first heap   total 107520K, used 29896K [0x0000000080000000, 0x0000000100000000)
  region size 1024K, 4 young (4096K), 4 survivors (4096K)
 Metaspace       used 34921K, committed 35328K, reserved 1114112K
  class space    used 3686K, committed 3840K, reserved 1048576K
}
Event: 9.147 GC heap before
{Heap before GC invocations=14 (full 0):
 garbage-first heap   total 107520K, used 62664K [0x0000000080000000, 0x0000000100000000)
  region size 1024K, 37 young (37888K), 4 survivors (4096K)
 Metaspace       used 35515K, committed 35968K, reserved 1114112K
  class space    used 3754K, committed 3968K, reserved 1048576K
}
Event: 9.163 GC heap after
{Heap after GC invocations=15 (full 0):
 garbage-first heap   total 107520K, used 32288K [0x0000000080000000, 0x0000000100000000)
  region size 1024K, 6 young (6144K), 6 survivors (6144K)
 Metaspace       used 35515K, committed 35968K, reserved 1114112K
  class space    used 3754K, committed 3968K, reserved 1048576K
}

