# JRE version: OpenJDK Runtime Environment Temurin-17.0.7+7 (17.0.7+7) (build 17.0.7+7)
# Java VM: OpenJDK 64-Bit Server VM Temurin-17.0.7+7 (17.0.7+7, mixed mode, tiered, compressed oops, compressed class ptrs, g1 gc, windows-amd64)
GC Precious Log:
 CPUs: 4 total, 4 available
 Memory: 3766M
 Large Page Support: Disabled
 NUMA Support: Disabled
 Compressed Oops: Enabled (32-bit)
 Heap Region Size: 1M
 Heap Min Capacity: 8M
 Heap Initial Capacity: 60M
 Heap Max Capacity: 2G
 Pre-touch: Disabled
 Parallel Workers: 4
 Concurrent Workers: 1
 Concurrent Refinement Workers: 4
 Periodic GC: Disabled
Heap:
 garbage-first heap   total 103424K, used 59735K [0x0000000080000000, 0x0000000100000000)
  region size 1024K, 31 young (31744K), 6 survivors (6144K)
 Metaspace       used 44156K, committed 44672K, reserved 1114112K
  class space    used 4900K, committed 5120K, reserved 1048576K
GC Heap History (20 events):
Event: 8.209 GC heap before
{Heap before GC invocations=10 (full 0):
 garbage-first heap   total 61440K, used 44599K [0x0000000080000000, 0x0000000100000000)
  region size 1024K, 24 young (24576K), 2 survivors (2048K)
 Metaspace       used 22133K, committed 22400K, reserved 1114112K
  class space    used 2310K, committed 2432K, reserved 1048576K
}
Event: 8.216 GC heap after
{Heap after GC invocations=11 (full 0):
 garbage-first heap   total 61440K, used 22308K [0x0000000080000000, 0x0000000100000000)
  region size 1024K, 2 young (2048K), 2 survivors (2048K)
 Metaspace       used 22133K, committed 22400K, reserved 1114112K
  class space    used 2310K, committed 2432K, reserved 1048576K
}
Event: 9.391 GC heap before
{Heap before GC invocations=11 (full 0):
 garbage-first heap   total 61440K, used 44836K [0x0000000080000000, 0x0000000100000000)
  region size 1024K, 25 young (25600K), 2 survivors (2048K)
 Metaspace       used 24393K, committed 24640K, reserved 1114112K
  class space    used 2524K, committed 2624K, reserved 1048576K
}
Event: 9.403 GC heap after
{Heap after GC invocations=12 (full 0):
 garbage-first heap   total 73728K, used 23949K [0x0000000080000000, 0x0000000100000000)
  region size 1024K, 3 young (3072K), 3 survivors (3072K)
 Metaspace       used 24393K, committed 24640K, reserved 1114112K
  class space    used 2524K, committed 2624K, reserved 1048576K
}
Event: 11.858 GC heap before
{Heap before GC invocations=12 (full 0):
 garbage-first heap   total 73728K, used 58765K [0x0000000080000000, 0x0000000100000000)
  region size 1024K, 37 young (37888K), 3 survivors (3072K)
 Metaspace       used 31535K, committed 31936K, reserved 1114112K
  class space    used 3362K, committed 3520K, reserved 1048576K
}
Event: 11.876 GC heap after
{Heap after GC invocations=13 (full 0):
 garbage-first heap   total 73728K, used 26901K [0x0000000080000000, 0x0000000100000000)
  region size 1024K, 5 young (5120K), 5 survivors (5120K)
 Metaspace       used 31535K, committed 31936K, reserved 1114112K
  class space    used 3362K, committed 3520K, reserved 1048576K
}
Event: 12.251 GC heap before
{Heap before GC invocations=13 (full 0):
 garbage-first heap   total 73728K, used 56597K [0x0000000080000000, 0x0000000100000000)
  region size 1024K, 32 young (32768K), 5 survivors (5120K)
 Metaspace       used 32700K, committed 33024K, reserved 1114112K
  class space    used 3437K, committed 3584K, reserved 1048576K
}
Event: 12.268 GC heap after
{Heap after GC invocations=14 (full 0):
 garbage-first heap   total 73728K, used 27771K [0x0000000080000000, 0x0000000100000000)
  region size 1024K, 1 young (1024K), 1 survivors (1024K)
 Metaspace       used 32700K, committed 33024K, reserved 1114112K
  class space    used 3437K, committed 3584K, reserved 1048576K
}
Event: 12.449 GC heap before
{Heap before GC invocations=14 (full 0):
 garbage-first heap   total 73728K, used 55419K [0x0000000080000000, 0x0000000100000000)
  region size 1024K, 28 young (28672K), 1 survivors (1024K)
 Metaspace       used 32762K, committed 33152K, reserved 1114112K
  class space    used 3444K, committed 3648K, reserved 1048576K
}
Event: 12.453 GC heap after
{Heap after GC invocations=15 (full 0):
 garbage-first heap   total 73728K, used 27632K [0x0000000080000000, 0x0000000100000000)
  region size 1024K, 1 young (1024K), 1 survivors (1024K)
 Metaspace       used 32762K, committed 33152K, reserved 1114112K
  class space    used 3444K, committed 3648K, reserved 1048576K
}
Event: 13.301 GC heap before
{Heap before GC invocations=15 (full 0):
 garbage-first heap   total 73728K, used 57328K [0x0000000080000000, 0x0000000100000000)
  region size 1024K, 30 young (30720K), 1 survivors (1024K)
 Metaspace       used 34622K, committed 35008K, reserved 1114112K
  class space    used 3659K, committed 3840K, reserved 1048576K
}
Event: 13.308 GC heap after
{Heap after GC invocations=16 (full 0):
 garbage-first heap   total 73728K, used 28457K [0x0000000080000000, 0x0000000100000000)
  region size 1024K, 2 young (2048K), 2 survivors (2048K)
 Metaspace       used 34622K, committed 35008K, reserved 1114112K
  class space    used 3659K, committed 3840K, reserved 1048576K
}
Event: 14.132 GC heap before
{Heap before GC invocations=16 (full 0):
 garbage-first heap   total 73728K, used 58153K [0x0000000080000000, 0x0000000100000000)
  region size 1024K, 31 young (31744K), 2 survivors (2048K)
 Metaspace       used 35036K, committed 35392K, reserved 1114112K
  class space    used 3689K, committed 3840K, reserved 1048576K
}
Event: 14.142 GC heap after
{Heap after GC invocations=17 (full 0):
 garbage-first heap   total 73728K, used 29626K [0x0000000080000000, 0x0000000100000000)
  region size 1024K, 3 young (3072K), 3 survivors (3072K)
 Metaspace       used 35036K, committed 35392K, reserved 1114112K
  class space    used 3689K, committed 3840K, reserved 1048576K
}
Event: 14.260 GC heap before
{Heap before GC invocations=17 (full 0):
 garbage-first heap   total 73728K, used 58298K [0x0000000080000000, 0x0000000100000000)
  region size 1024K, 31 young (31744K), 3 survivors (3072K)
 Metaspace       used 35046K, committed 35456K, reserved 1114112K
  class space    used 3689K, committed 3840K, reserved 1048576K
}
Event: 14.271 GC heap after
{Heap after GC invocations=18 (full 0):
 garbage-first heap   total 73728K, used 30592K [0x0000000080000000, 0x0000000100000000)
  region size 1024K, 3 young (3072K), 3 survivors (3072K)
 Metaspace       used 35046K, committed 35456K, reserved 1114112K
  class space    used 3689K, committed 3840K, reserved 1048576K
}
Event: 14.830 GC heap before
{Heap before GC invocations=18 (full 0):
 garbage-first heap   total 73728K, used 40832K [0x0000000080000000, 0x0000000100000000)
  region size 1024K, 14 young (14336K), 3 survivors (3072K)
 Metaspace       used 35604K, committed 35968K, reserved 1114112K
  class space    used 3747K, committed 3904K, reserved 1048576K
}
Event: 14.846 GC heap after
{Heap after GC invocations=19 (full 0):
 garbage-first heap   total 103424K, used 32417K [0x0000000080000000, 0x0000000100000000)
  region size 1024K, 4 young (4096K), 4 survivors (4096K)
 Metaspace       used 35604K, committed 35968K, reserved 1114112K
  class space    used 3747K, committed 3904K, reserved 1048576K
}
Event: 17.566 GC heap before
{Heap before GC invocations=20 (full 0):
 garbage-first heap   total 103424K, used 74401K [0x0000000080000000, 0x0000000100000000)
  region size 1024K, 45 young (46080K), 4 survivors (4096K)
 Metaspace       used 41625K, committed 42176K, reserved 1114112K
  class space    used 4576K, committed 4864K, reserved 1048576K
}
Event: 17.587 GC heap after
{Heap after GC invocations=21 (full 0):
 garbage-first heap   total 103424K, used 35159K [0x0000000080000000, 0x0000000100000000)
  region size 1024K, 6 young (6144K), 6 survivors (6144K)
 Metaspace       used 41625K, committed 42176K, reserved 1114112K
  class space    used 4576K, committed 4864K, reserved 1048576K
}

