# JRE version: OpenJDK Runtime Environment Temurin-17.0.7+7 (17.0.7+7) (build 17.0.7+7)
# Java VM: OpenJDK 64-Bit Server VM Temurin-17.0.7+7 (17.0.7+7, mixed mode, tiered, compressed oops, compressed class ptrs, g1 gc, windows-amd64)
GC Precious Log:
 CPUs: 4 total, 4 available
 Memory: 3766M
 Large Page Support: Disabled
 NUMA Support: Disabled
 Compressed Oops: Enabled (32-bit)
 Heap Region Size: 1M
 Heap Min Capacity: 8M
 Heap Initial Capacity: 60M
 Heap Max Capacity: 2G
 Pre-touch: Disabled
 Parallel Workers: 4
 Concurrent Workers: 1
 Concurrent Refinement Workers: 4
 Periodic GC: Disabled
Heap:
 garbage-first heap   total 73728K, used 27167K [0x0000000080000000, 0x0000000100000000)
  region size 1024K, 4 young (4096K), 4 survivors (4096K)
 Metaspace       used 31604K, committed 31936K, reserved 1114112K
  class space    used 3369K, committed 3520K, reserved 1048576K
GC Heap History (20 events):
Event: 0.994 GC heap after
{Heap after GC invocations=1 (full 0):
 garbage-first heap   total 61440K, used 10722K [0x0000000080000000, 0x0000000100000000)
  region size 1024K, 2 young (2048K), 2 survivors (2048K)
 Metaspace       used 4881K, committed 4992K, reserved 1114112K
  class space    used 393K, committed 448K, reserved 1048576K
}
Event: 1.344 GC heap before
{Heap before GC invocations=1 (full 0):
 garbage-first heap   total 61440K, used 19938K [0x0000000080000000, 0x0000000100000000)
  region size 1024K, 10 young (10240K), 2 survivors (2048K)
 Metaspace       used 6756K, committed 6976K, reserved 1114112K
  class space    used 524K, committed 640K, reserved 1048576K
}
Event: 1.350 GC heap after
{Heap after GC invocations=2 (full 0):
 garbage-first heap   total 61440K, used 14194K [0x0000000080000000, 0x0000000100000000)
  region size 1024K, 2 young (2048K), 2 survivors (2048K)
 Metaspace       used 6756K, committed 6976K, reserved 1114112K
  class space    used 524K, committed 640K, reserved 1048576K
}
Event: 1.977 GC heap before
{Heap before GC invocations=2 (full 0):
 garbage-first heap   total 61440K, used 27506K [0x0000000080000000, 0x0000000100000000)
  region size 1024K, 15 young (15360K), 2 survivors (2048K)
 Metaspace       used 9563K, committed 9728K, reserved 1114112K
  class space    used 827K, committed 896K, reserved 1048576K
}
Event: 1.984 GC heap after
{Heap after GC invocations=3 (full 0):
 garbage-first heap   total 61440K, used 15787K [0x0000000080000000, 0x0000000100000000)
  region size 1024K, 2 young (2048K), 2 survivors (2048K)
 Metaspace       used 9563K, committed 9728K, reserved 1114112K
  class space    used 827K, committed 896K, reserved 1048576K
}
Event: 2.807 GC heap before
{Heap before GC invocations=3 (full 0):
 garbage-first heap   total 61440K, used 32171K [0x0000000080000000, 0x0000000100000000)
  region size 1024K, 18 young (18432K), 2 survivors (2048K)
 Metaspace       used 13260K, committed 13504K, reserved 1114112K
  class space    used 1182K, committed 1280K, reserved 1048576K
}
Event: 2.816 GC heap after
{Heap after GC invocations=4 (full 0):
 garbage-first heap   total 61440K, used 17455K [0x0000000080000000, 0x0000000100000000)
  region size 1024K, 3 young (3072K), 3 survivors (3072K)
 Metaspace       used 13260K, committed 13504K, reserved 1114112K
  class space    used 1182K, committed 1280K, reserved 1048576K
}
Event: 3.802 GC heap before
{Heap before GC invocations=4 (full 0):
 garbage-first heap   total 61440K, used 39983K [0x0000000080000000, 0x0000000100000000)
  region size 1024K, 24 young (24576K), 3 survivors (3072K)
 Metaspace       used 16777K, committed 16960K, reserved 1114112K
  class space    used 1564K, committed 1664K, reserved 1048576K
}
Event: 3.818 GC heap after
{Heap after GC invocations=5 (full 0):
 garbage-first heap   total 61440K, used 21206K [0x0000000080000000, 0x0000000100000000)
  region size 1024K, 3 young (3072K), 3 survivors (3072K)
 Metaspace       used 16777K, committed 16960K, reserved 1114112K
  class space    used 1564K, committed 1664K, reserved 1048576K
}
Event: 4.540 GC heap before
{Heap before GC invocations=5 (full 0):
 garbage-first heap   total 61440K, used 40662K [0x0000000080000000, 0x0000000100000000)
  region size 1024K, 22 young (22528K), 3 survivors (3072K)
 Metaspace       used 18593K, committed 18816K, reserved 1114112K
  class space    used 1751K, committed 1856K, reserved 1048576K
}
Event: 4.553 GC heap after
{Heap after GC invocations=6 (full 0):
 garbage-first heap   total 73728K, used 22720K [0x0000000080000000, 0x0000000100000000)
  region size 1024K, 2 young (2048K), 2 survivors (2048K)
 Metaspace       used 18593K, committed 18816K, reserved 1114112K
  class space    used 1751K, committed 1856K, reserved 1048576K
}
Event: 5.217 GC heap before
{Heap before GC invocations=6 (full 0):
 garbage-first heap   total 73728K, used 38080K [0x0000000080000000, 0x0000000100000000)
  region size 1024K, 19 young (19456K), 2 survivors (2048K)
 Metaspace       used 21349K, committed 21504K, reserved 1114112K
  class space    used 2226K, committed 2304K, reserved 1048576K
}
Event: 5.225 GC heap after
{Heap after GC invocations=7 (full 0):
 garbage-first heap   total 73728K, used 23302K [0x0000000080000000, 0x0000000100000000)
  region size 1024K, 3 young (3072K), 3 survivors (3072K)
 Metaspace       used 21349K, committed 21504K, reserved 1114112K
  class space    used 2226K, committed 2304K, reserved 1048576K
}
Event: 5.809 GC heap before
{Heap before GC invocations=8 (full 0):
 garbage-first heap   total 73728K, used 46854K [0x0000000080000000, 0x0000000100000000)
  region size 1024K, 28 young (28672K), 3 survivors (3072K)
 Metaspace       used 22141K, committed 22400K, reserved 1114112K
  class space    used 2313K, committed 2432K, reserved 1048576K
}
Event: 5.819 GC heap after
{Heap after GC invocations=9 (full 0):
 garbage-first heap   total 73728K, used 22295K [0x0000000080000000, 0x0000000100000000)
  region size 1024K, 2 young (2048K), 2 survivors (2048K)
 Metaspace       used 22141K, committed 22400K, reserved 1114112K
  class space    used 2313K, committed 2432K, reserved 1048576K
}
Event: 6.212 GC heap before
{Heap before GC invocations=9 (full 0):
 garbage-first heap   total 73728K, used 49943K [0x0000000080000000, 0x0000000100000000)
  region size 1024K, 29 young (29696K), 2 survivors (2048K)
 Metaspace       used 22910K, committed 23104K, reserved 1114112K
  class space    used 2380K, committed 2496K, reserved 1048576K
}
Event: 6.222 GC heap after
{Heap after GC invocations=10 (full 0):
 garbage-first heap   total 73728K, used 23120K [0x0000000080000000, 0x0000000100000000)
  region size 1024K, 3 young (3072K), 3 survivors (3072K)
 Metaspace       used 22910K, committed 23104K, reserved 1114112K
  class space    used 2380K, committed 2496K, reserved 1048576K
}
Event: 7.658 GC heap before
{Heap before GC invocations=10 (full 0):
 garbage-first heap   total 73728K, used 56912K [0x0000000080000000, 0x0000000100000000)
  region size 1024K, 36 young (36864K), 3 survivors (3072K)
 Metaspace       used 27946K, committed 28288K, reserved 1114112K
  class space    used 2912K, committed 3072K, reserved 1048576K
}
Event: 7.675 GC heap after
{Heap after GC invocations=11 (full 0):
 garbage-first heap   total 73728K, used 25757K [0x0000000080000000, 0x0000000100000000)
  region size 1024K, 5 young (5120K), 5 survivors (5120K)
 Metaspace       used 27946K, committed 28288K, reserved 1114112K
  class space    used 2912K, committed 3072K, reserved 1048576K
}
Event: 8.580 GC heap before
{Heap before GC invocations=11 (full 0):
 garbage-first heap   total 73728K, used 56477K [0x0000000080000000, 0x0000000100000000)
  region size 1024K, 35 young (35840K), 5 survivors (5120K)
 Metaspace       used 31604K, committed 31936K, reserved 1114112K
  class space    used 3369K, committed 3520K, reserved 1048576K
}

